
ROM used:   1634/32768 (5%)
            1634/32768 (5%) including unused fragments

            0.8 Average locations per line
            2.9 Average locations per statement

RAM used:   96/2048 (5%) at main() level
            121/2048 (6%) worst case

Stack used: 7 worst case (7 in main + 0 for interrupts)
Stack size: 31

Lines Stmts  %   Files
----- ----- ---  -----
   18    12   2  viduphimmatran2.c
  708   248  44  ..\TV_PICKIT2_SHIFT_1.c
  837     0   0  C:\Program Files (x86)\PICC\Devices\18F4550.H
   60    50   9  ..\TV_PICKIT2_SHIFT_KEY4X4_138.c
  393   248  44  ..\TV_PICKIT2_SHIFT_32LED_DON.c
----- -----
 2016   558 Total

Page ROM  %  RAM   Vol Diff  Functions:
---- --- --- ---   --- ----  ----------
0     38   1    1             @delay_ms1
0     42   1    3   271  4.3  XUAT_1BYTE
0     44   1    4   231  2.3  XUAT_32LED_DON_4BYTE
0     36   1    8   245  3.1  XUAT_32LED_DON_2WORD
0     36   1    9   123  3.2  XUAT_32LED_DON_1DW
0     34   1    0   174  1.8  SET_UP_PORT_IC_CHOT
0     48   1    0   119  1.7  MO_IC_74573_A_THONG_DL
0     46   1    0   119  1.7  MO_IC_74573_B_THONG_DL
0     44   1    3   172  2.7  XUAT_8LED_7DOAN_QUET_1
0     10   0    0    25  1.2  XUAT_8LED_7DOAN_QUET_TAT_LED
0     24   1    0             @const753
0     60   2    3   190  3.1  XUAT_8LED_7DOAN_QUET_2
0     56   2    1   136  3.9  HIEN_THI_8LED_7DOAN_QUET_ALL
0     20   1    0             @const801
0    122   4    4   627  8.1  KEY_NHAN
0     76   2    2             @MUL88
0     44   1    0   181  4.3  KEY_4X4_DW
0    158   5    0   603  2.9  RESET_TOAN_BO_BIEN
0     20   1    2   117  3.5  TANG_DEM_LED_DELAY_1
0     16   0    1    68  2.4  TANG_DEM_LED_DELAY_0
0     20   1    2    82  3.1  DELAY_CHON
0    136   4    3   413  6.6  DIEM_SANG_DICH_TRAI_MAT_DAN_32LED
0    106   3    4   341  4.7  SANG_TAT_DAN_TRAI_SANG_PHAI_2X16LED
0    132   4    3   381  6.6  SANG_DON_PST_32LED
0    262   8    0   297  4.6  MAIN
 Inline         0             @cinit1

Program metrics:
    Functions               21
    Statements              558
    Comments                384
    Volume (V)              8964
    Difficulty (D)          76.0
    Effort to implement (E) 681182
    Time to implement (T)   10 hours, 31 minutes
    Est Delivered Bugs (B)  3
    Cyclomatic Complexity   24
    Maintainability (MI)    103

 Segment     Used  Free
-----------  ----  ----
00000-00002     4  0  
00004-07FFE  1630  31134  



